<?xml version="1.0" encoding="UTF-8"?>
<!-- Generated by org.testng.reporters.JUnitXMLReporter -->
<testsuite hostname="shankars-mbp-2.lan" ignored="0" name="Command line test" tests="6" failures="0" timestamp="2020-07-07T19:03:49 EDT" time="0.121" errors="0">
  <testcase name="AndroidApps" time="0.012" classname="MVNProject.MavenJAVA.AppiumTest"/>
  <testcase name="IOSApps" time="0.016" classname="MVNProject.MavenJAVA.AppiumTest"/>
  <testcase name="BrowserAutomation" time="0.001" classname="MVNProject.MavenJAVA.SeleniumTest"/>
  <testcase name="ElementsUI" time="0.0" classname="MVNProject.MavenJAVA.SeleniumTest"/>
  <testcase name="DeleteTwitter" time="0.0" classname="MVNProject.MavenJAVA.RestAPITest"/>
  <testcase name="PostJira" time="0.001" classname="MVNProject.MavenJAVA.RestAPITest"/>
</testsuite> <!-- Command line test -->
