<?xml version="1.0" encoding="UTF-8"?>
<!-- Generated by org.testng.reporters.JUnitXMLReporter -->
<testsuite hostname="shankars-mbp-2.lan" ignored="0" name="Test" tests="6" failures="0" timestamp="2020-06-29T19:33:15 EDT" time="0.039" errors="0">
  <testcase name="BrowserAutomation" time="0.004" classname="MVNProject.MavenJAVA.SeleniumTest"/>
  <testcase name="ElementsUI" time="0.0" classname="MVNProject.MavenJAVA.SeleniumTest"/>
  <testcase name="DeleteTwitter" time="0.0" classname="MVNProject.MavenJAVA.RestAPITest"/>
  <testcase name="PostJira" time="0.0" classname="MVNProject.MavenJAVA.RestAPITest"/>
  <testcase name="AndroidApps" time="0.001" classname="MVNProject.MavenJAVA.AppiumTest"/>
  <testcase name="IOSApps" time="0.0" classname="MVNProject.MavenJAVA.AppiumTest"/>
</testsuite> <!-- Test -->
