<?xml version="1.0" encoding="UTF-8"?>
<testng-results skipped="0" failed="0" ignored="0" total="2" passed="2">
  <reporter-output>
  </reporter-output>
  <suite name="Default suite" duration-ms="30" started-at="2020-07-07T23:04:21Z" finished-at="2020-07-07T23:04:21Z">
    <groups>
    </groups>
    <test name="Default test" duration-ms="30" started-at="2020-07-07T23:04:21Z" finished-at="2020-07-07T23:04:21Z">
      <class name="MVNProject.MavenJAVA.AppiumTest">
        <test-method status="PASS" signature="AndroidApps()[pri:0, instance:MVNProject.MavenJAVA.AppiumTest@7085bdee]" name="AndroidApps" duration-ms="8" started-at="2020-07-07T23:04:21Z" finished-at="2020-07-07T23:04:21Z">
          <reporter-output>
          </reporter-output>
        </test-method> <!-- AndroidApps -->
        <test-method status="PASS" signature="IOSApps()[pri:0, instance:MVNProject.MavenJAVA.AppiumTest@7085bdee]" name="IOSApps" duration-ms="3" started-at="2020-07-07T23:04:21Z" finished-at="2020-07-07T23:04:21Z">
          <reporter-output>
          </reporter-output>
        </test-method> <!-- IOSApps -->
      </class> <!-- MVNProject.MavenJAVA.AppiumTest -->
    </test> <!-- Default test -->
  </suite> <!-- Default suite -->
</testng-results>
